"../../../../../../Users/Games/Documents/Unreal Projects/Smithy/Content/Audio/Music/audio/Elven_Harmonies__no_percussion_.uasset" 0
"../../../../../../Users/Games/Documents/Unreal Projects/Smithy/Content/Audio/Music/audio/Elven_Realm.uasset" 1
"../../../../../../Users/Games/Documents/Unreal Projects/Smithy/Content/Audio/Music/audio/Enchanted_Forest.uasset" 2
"../../../../../../Users/Games/Documents/Unreal Projects/Smithy/Content/Audio/Music/audio/Epic_Fantasy.uasset" 3
"../../../../../../Users/Games/Documents/Unreal Projects/Smithy/Content/Audio/Music/audio/Fantasy_Adventure.uasset" 4
"../../../../../../Users/Games/Documents/Unreal Projects/Smithy/Content/Audio/Music/audio/Harp_of_Chronos.uasset" 5
"../../../Engine/Content/Functions/Engine_MaterialFunctions01/Gradient/LinearGradient.uasset" 6
"../../../../../../Users/Games/Documents/Unreal Projects/Smithy/Content/Particles/FXVarietyPack/Textures/T_ky_deco_doom.uasset" 7
"../../../../../../Users/Games/Documents/Unreal Projects/Smithy/Content/Particles/FXVarietyPack/Textures/T_ky_noise6.uasset" 8
"../../../../../../Users/Games/Documents/Unreal Projects/Smithy/Content/Particles/FXVarietyPack/Materials/M_ky_aura9.uasset" 9
"../../../../../../Users/Games/Documents/Unreal Projects/Smithy/Content/Particles/FXVarietyPack/Materials/MI_ky_aura9.uasset" 10
"../../../Engine/Content/Functions/Engine_MaterialFunctions01/Density/ExponentialDensity.uasset" 11
"../../../Engine/Content/Functions/Engine_MaterialFunctions01/Gradient/RadialGradientExponential.uasset" 12
"../../../../../../Users/Games/Documents/Unreal Projects/Smithy/Content/Particles/FXVarietyPack/Textures/T_ky_noise3.uasset" 13
"../../../../../../Users/Games/Documents/Unreal Projects/Smithy/Content/Particles/FXVarietyPack/Materials/M_ky_dynDust.uasset" 14
"../../../../../../Users/Games/Documents/Unreal Projects/Smithy/Content/Particles/FXVarietyPack/Textures/T_ky_smoke2.uasset" 15
"../../../../../../Users/Games/Documents/Unreal Projects/Smithy/Content/Particles/FXVarietyPack/Materials/MI_ky_dynDust.uasset" 16
"../../../../../../Users/Games/Documents/Unreal Projects/Smithy/Content/Particles/FXVarietyPack/Materials/MI_ky_dynDust2.uasset" 17
"../../../../../../Users/Games/Documents/Unreal Projects/Smithy/Content/Particles/FXVarietyPack/Textures/T_ky_bg_LC.uasset" 18
"../../../../../../Users/Games/Documents/Unreal Projects/Smithy/Content/Particles/FXVarietyPack/Materials/M_ky_subUV_dynRGB.uasset" 19
"../../../../../../Users/Games/Documents/Unreal Projects/Smithy/Content/Particles/FXVarietyPack/Textures/T_ky_flare25_4x4.uasset" 20
"../../../../../../Users/Games/Documents/Unreal Projects/Smithy/Content/Particles/FXVarietyPack/Materials/MI_ky_flare25_4x4.uasset" 21
"../../../../../../Users/Games/Documents/Unreal Projects/Smithy/Content/Particles/FXVarietyPack/Textures/T_ky_bg.uasset" 22
"../../../../../../Users/Games/Documents/Unreal Projects/Smithy/Content/Particles/FXVarietyPack/Materials/M_ky_subUV03.uasset" 23
"../../../../../../Users/Games/Documents/Unreal Projects/Smithy/Content/Particles/FXVarietyPack/Textures/T_ky_flareVertical03_4x4.uasset" 24
"../../../../../../Users/Games/Documents/Unreal Projects/Smithy/Content/Particles/FXVarietyPack/Materials/MI_ky_flareVertical03b_4x4.uasset" 25
"../../../../../../Users/Games/Documents/Unreal Projects/Smithy/Content/Particles/FXVarietyPack/Textures/T_ky_lightning02_4x4.uasset" 26
"../../../../../../Users/Games/Documents/Unreal Projects/Smithy/Content/Particles/FXVarietyPack/Materials/MI_ky_lightning02_4x4.uasset" 27
"../../../../../../Users/Games/Documents/Unreal Projects/Smithy/Content/Particles/FXVarietyPack/Textures/T_ky_lightningDust01_4x4.uasset" 28
"../../../../../../Users/Games/Documents/Unreal Projects/Smithy/Content/Particles/FXVarietyPack/Materials/MI_ky_lightningDust01_4x4_nonD.uasset" 29
"../../../../../../Users/Games/Documents/Unreal Projects/Smithy/Content/Particles/FXVarietyPack/Materials/Mfunction/MF_ky_VectorToRadialValue.uasset" 30
"../../../../../../Users/Games/Documents/Unreal Projects/Smithy/Content/Particles/FXVarietyPack/Textures/T_ky_decoLines.uasset" 31
"../../../../../../Users/Games/Documents/Unreal Projects/Smithy/Content/Particles/FXVarietyPack/Textures/T_ky_decoLinesB.uasset" 32
"../../../../../../Users/Games/Documents/Unreal Projects/Smithy/Content/Particles/FXVarietyPack/Materials/M_ky_polar.uasset" 33
"../../../../../../Users/Games/Documents/Unreal Projects/Smithy/Content/Particles/FXVarietyPack/Materials/MI_ky_polarC_two.uasset" 34
"../../../../../../Users/Games/Documents/Unreal Projects/Smithy/Content/Particles/FXVarietyPack/Materials/MI_ky_polarG_nonD.uasset" 35
"../../../../../../Users/Games/Documents/Unreal Projects/Smithy/Content/Particles/FXVarietyPack/Materials/MI_ky_polar_two.uasset" 36
"../../../Engine/Content/Functions/Engine_MaterialFunctions02/Fresnel_Function.uasset" 37
"../../../../../../Users/Games/Documents/Unreal Projects/Smithy/Content/Particles/FXVarietyPack/Materials/M_ky_primitive.uasset" 38
"../../../../../../Users/Games/Documents/Unreal Projects/Smithy/Content/Particles/FXVarietyPack/Materials/MI_ky_primitive2b_trs.uasset" 39
"../../../../../../Users/Games/Documents/Unreal Projects/Smithy/Content/Particles/FXVarietyPack/Materials/M_ky_primitive_dyn2.uasset" 40
"../../../../../../Users/Games/Documents/Unreal Projects/Smithy/Content/Particles/FXVarietyPack/Materials/MI_ky_primitive_dynB_two.uasset" 41
"../../../../../../Users/Games/Documents/Unreal Projects/Smithy/Content/Particles/FXVarietyPack/Textures/T_ky_flareVertical02.uasset" 42
"../../../../../../Users/Games/Documents/Unreal Projects/Smithy/Content/Particles/FXVarietyPack/Materials/M_ky_flare01_primitive.uasset" 43
"../../../../../../Users/Games/Documents/Unreal Projects/Smithy/Content/Particles/FXVarietyPack/Textures/T_ky_shine01_4x4.uasset" 44
"../../../../../../Users/Games/Documents/Unreal Projects/Smithy/Content/Particles/FXVarietyPack/Materials/MI_ky_shine01B.uasset" 45
"../../../../../../Users/Games/Documents/Unreal Projects/Smithy/Content/Particles/FXVarietyPack/Materials/MI_ky_shine01R.uasset" 46
"../../../../../../Users/Games/Documents/Unreal Projects/Smithy/Content/Particles/FXVarietyPack/Materials/MI_ky_shine01R_nonD.uasset" 47
"../../../Engine/Content/EngineResources/DefaultTexture.uasset" 48
"../../../../../../Users/Games/Documents/Unreal Projects/Smithy/Content/Particles/FXVarietyPack/Textures/T_ky_maskRGB3.uasset" 49
"../../../../../../Users/Games/Documents/Unreal Projects/Smithy/Content/Particles/FXVarietyPack/Materials/Mfunction/MF_ky_AddHilight.uasset" 50
"../../../../../../Users/Games/Documents/Unreal Projects/Smithy/Content/Particles/FXVarietyPack/Textures/T_ky_shockWave03_4x4.uasset" 51
"../../../../../../Users/Games/Documents/Unreal Projects/Smithy/Content/Particles/FXVarietyPack/Materials/M_ky_shockWave03_4x4.uasset" 52
"../../../../../../Users/Games/Documents/Unreal Projects/Smithy/Content/Particles/FXVarietyPack/Materials/MI_ky_shockWave03g_4x4.uasset" 53
"../../../../../../Users/Games/Documents/Unreal Projects/Smithy/Content/Particles/FXVarietyPack/Textures/T_ky_shockwave10_4x4.uasset" 54
"../../../../../../Users/Games/Documents/Unreal Projects/Smithy/Content/Particles/FXVarietyPack/Materials/MI_ky_shockwave10R_4x4_nonD.uasset" 55
"../../../../../../Users/Games/Documents/Unreal Projects/Smithy/Content/Particles/FXVarietyPack/Materials/M_ky_subUV01.uasset" 56
"../../../../../../Users/Games/Documents/Unreal Projects/Smithy/Content/Particles/FXVarietyPack/Textures/T_ky_shockwave12_4x4.uasset" 57
"../../../../../../Users/Games/Documents/Unreal Projects/Smithy/Content/Particles/FXVarietyPack/Materials/MI_ky_shockwave12_4x4.uasset" 58
"../../../../../../Users/Games/Documents/Unreal Projects/Smithy/Content/Particles/FXVarietyPack/Textures/T_ky_smoke1.uasset" 59
"../../../../../../Users/Games/Documents/Unreal Projects/Smithy/Content/Particles/FXVarietyPack/Materials/M_ky_smoke01.uasset" 60
"../../../../../../Users/Games/Documents/Unreal Projects/Smithy/Content/Particles/FXVarietyPack/Materials/MI_ky_smoke01.uasset" 61
"../../../../../../Users/Games/Documents/Unreal Projects/Smithy/Content/Particles/FXVarietyPack/Materials/MI_ky_smoke01b.uasset" 62
"../../../../../../Users/Games/Documents/Unreal Projects/Smithy/Content/Particles/FXVarietyPack/Materials/MI_ky_smoke01c.uasset" 63
"../../../Engine/Content/Functions/Engine_MaterialFunctions01/Gradient/DiamondGradient.uasset" 64
"../../../Engine/Content/EngineMaterials/BlendFunc_DefBase.uasset" 65
"../../../Engine/Content/EngineMaterials/BlendFunc_DefBlend.uasset" 66
"../../../Engine/Content/Functions/Engine_MaterialFunctions03/Blends/Blend_Screen.uasset" 67
"../../../../../../Users/Games/Documents/Unreal Projects/Smithy/Content/Particles/FXVarietyPack/Textures/T_ky_dust_longStar.uasset" 68
"../../../../../../Users/Games/Documents/Unreal Projects/Smithy/Content/Particles/FXVarietyPack/Materials/M_ky_starDust.uasset" 69
"../../../../../../Users/Games/Documents/Unreal Projects/Smithy/Content/Particles/FXVarietyPack/Materials/MI_ky_starDust_sq.uasset" 70
"../../../Engine/Content/Functions/Engine_MaterialFunctions03/Texturing/TwoSidedTexturing.uasset" 71
"../../../../../../Users/Games/Documents/Unreal Projects/Smithy/Content/Particles/FXVarietyPack/Materials/Mfunction/MF_ky_MaskToTopUnder.uasset" 72
"../../../../../../Users/Games/Documents/Unreal Projects/Smithy/Content/Particles/FXVarietyPack/Textures/T_ky_noise5.uasset" 73
"../../../../../../Users/Games/Documents/Unreal Projects/Smithy/Content/Particles/FXVarietyPack/Materials/Mfunction/MF_ky_TexController.uasset" 74
"../../../../../../Users/Games/Documents/Unreal Projects/Smithy/Content/Particles/FXVarietyPack/Materials/Mfunction/MF_ky_TexController_primitive.uasset" 75
"../../../../../../Users/Games/Documents/Unreal Projects/Smithy/Content/Particles/FXVarietyPack/Textures/T_ky_noise17.uasset" 76
"../../../../../../Users/Games/Documents/Unreal Projects/Smithy/Content/Particles/FXVarietyPack/Materials/M_ky_storm01.uasset" 77
"../../../../../../Users/Games/Documents/Unreal Projects/Smithy/Content/Particles/FXVarietyPack/Materials/MI_ky_storm01_aqua.uasset" 78
"../../../../../../Users/Games/Documents/Unreal Projects/Smithy/Content/Particles/FXVarietyPack/Materials/MI_ky_storm01_aqua_nonD.uasset" 79
"../../../../../../Users/Games/Documents/Unreal Projects/Smithy/Content/Particles/FXVarietyPack/Materials/MI_ky_storm01_dark.uasset" 80
"../../../../../../Users/Games/Documents/Unreal Projects/Smithy/Content/Particles/FXVarietyPack/Materials/MI_ky_storm01_dark_nonD.uasset" 81
"../../../../../../Users/Games/Documents/Unreal Projects/Smithy/Content/Particles/FXVarietyPack/Materials/MI_ky_storm01_fire.uasset" 82
"../../../../../../Users/Games/Documents/Unreal Projects/Smithy/Content/Particles/FXVarietyPack/Materials/MI_ky_storm01_fire_nonD1.uasset" 83
"../../../../../../Users/Games/Documents/Unreal Projects/Smithy/Content/Particles/FXVarietyPack/Materials/MI_ky_storm01_nonD.uasset" 84
"../../../../../../Users/Games/Documents/Unreal Projects/Smithy/Content/Particles/FXVarietyPack/Materials/MI_ky_storm01_thunder.uasset" 85
"../../../../../../Users/Games/Documents/Unreal Projects/Smithy/Content/Particles/FXVarietyPack/Materials/MI_ky_storm01_thunder_nonD.uasset" 86
"../../../../../../Users/Games/Documents/Unreal Projects/Smithy/Content/Particles/FXVarietyPack/Textures/T_ky_noise4.uasset" 87
"../../../../../../Users/Games/Documents/Unreal Projects/Smithy/Content/Particles/FXVarietyPack/Materials/M_ky_stormDeco01.uasset" 88
"../../../../../../Users/Games/Documents/Unreal Projects/Smithy/Content/Particles/FXVarietyPack/Materials/MI_ky_stormDeco01_aqua.uasset" 89
"../../../../../../Users/Games/Documents/Unreal Projects/Smithy/Content/Particles/FXVarietyPack/Materials/MI_ky_stormDeco01_dark.uasset" 90
"../../../../../../Users/Games/Documents/Unreal Projects/Smithy/Content/Particles/FXVarietyPack/Materials/MI_ky_stormDeco01_fire.uasset" 91
"../../../../../../Users/Games/Documents/Unreal Projects/Smithy/Content/Particles/FXVarietyPack/Textures/T_ky_dist_noise.uasset" 92
"../../../../../../Users/Games/Documents/Unreal Projects/Smithy/Content/Particles/FXVarietyPack/Textures/T_ky_smoke_kai.uasset" 93
"../../../../../../Users/Games/Documents/Unreal Projects/Smithy/Content/Particles/FXVarietyPack/Materials/M_ky_base_turbulence.uasset" 94
"../../../../../../Users/Games/Documents/Unreal Projects/Smithy/Content/Particles/FXVarietyPack/Materials/MI_ky_turbulence_smoke2d_trs.uasset" 95
"../../../../../../Users/Games/Documents/Unreal Projects/Smithy/Content/Particles/FXVarietyPack/Textures/T_ky_vortex04_4x4.uasset" 96
"../../../../../../Users/Games/Documents/Unreal Projects/Smithy/Content/Particles/FXVarietyPack/Materials/M_ky_vortex04_4x4.uasset" 97
"../../../../../../Users/Games/Documents/Unreal Projects/Smithy/Content/Particles/FXVarietyPack/Materials/MI_ky_vortex04B_4x4_two.uasset" 98
"../../../../../../Users/Games/Documents/Unreal Projects/Smithy/Content/Particles/FXVarietyPack/Textures/T_ky_flare3.uasset" 99
"../../../../../../Users/Games/Documents/Unreal Projects/Smithy/Content/Particles/FXVarietyPack/Textures/T_ky_maskRGB5.uasset" 100
"../../../../../../Users/Games/Documents/Unreal Projects/Smithy/Content/Particles/FXVarietyPack/Materials/M_ky_flarePillar.uasset" 101
"../../../../../../Users/Games/Documents/Unreal Projects/Smithy/Content/Particles/FXVarietyPack/Textures/T_ky_flareVert.uasset" 102
"../../../../../../Users/Games/Documents/Unreal Projects/Smithy/Content/Particles/FXVarietyPack/Materials/M_ky_flareVert.uasset" 103
"../../../../../../Users/Games/Documents/Unreal Projects/Smithy/Content/Particles/FXVarietyPack/Materials/M_ky_laser01.uasset" 104
"../../../../../../Users/Games/Documents/Unreal Projects/Smithy/Content/Particles/FXVarietyPack/Materials/M_ky_polar_primitive.uasset" 105
"../../../Engine/Content/Functions/Engine_MaterialFunctions02/Texturing/ScreenAlignedPixelToPixelUVs.uasset" 106
"../../../Engine/Content/EngineMaterials/Good64x64TilingNoiseHighFreq.uasset" 107
"../../../Engine/Content/Functions/Engine_MaterialFunctions02/Utility/DitherTemporalAA.uasset" 108
"../../../../../../Users/Games/Documents/Unreal Projects/Smithy/Content/Particles/FXVarietyPack/Textures/T_ky_stone02_2x2.uasset" 109
"../../../../../../Users/Games/Documents/Unreal Projects/Smithy/Content/Particles/FXVarietyPack/Materials/M_ky_stone02.uasset" 110
"../../../../../../Users/Games/Documents/Unreal Projects/Smithy/Content/Particles/FXVarietyPack/Materials/M_ky_thunderForBeam.uasset" 111
"../../../../../../Users/Games/Documents/Unreal Projects/Smithy/Content/Particles/FXVarietyPack/Textures/T_ky_deco_rainbow.uasset" 112
"../../../../../../Users/Games/Documents/Unreal Projects/Smithy/Content/Particles/FXVarietyPack/Materials/M_ky_trail_primitive.uasset" 113
"../../../../../../Users/Games/Documents/Unreal Projects/Smithy/Content/Particles/FXVarietyPack/Materials/M_ky_waterDust02.uasset" 114
"../../../../../../Users/Games/Documents/Unreal Projects/Smithy/Content/Particles/FXVarietyPack/Materials/Mfunction/MF_ky_UVcontrol_4x4.uasset" 115
"../../../Engine/Content/Functions/Engine_MaterialFunctions01/Opacity/CameraDepthFade.uasset" 116
"../../../Engine/Content/EngineMaterials/T_Default_Material_Grid_M.uasset" 117
"../../../Engine/Content/EngineMaterials/T_Default_Material_Grid_N.uasset" 118
"../../../Engine/Content/EngineMaterials/WorldGridMaterial.uasset" 119
"../../../../../../Users/Games/Documents/Unreal Projects/Smithy/Content/Particles/FXVarietyPack/Meshes/SM_ky_quads.uasset" 120
"../../../../../../Users/Games/Documents/Unreal Projects/Smithy/Content/Particles/FXVarietyPack/Textures/T_ky_dust01_4x4.uasset" 121
"../../../../../../Users/Games/Documents/Unreal Projects/Smithy/Content/Particles/FXVarietyPack/Materials/M_ky_dust01_4x4.uasset" 122
"../../../../../../Users/Games/Documents/Unreal Projects/Smithy/Content/Particles/FXVarietyPack/Materials/M_ky_empty.uasset" 123
"../../../../../../Users/Games/Documents/Unreal Projects/Smithy/Content/Particles/FXVarietyPack/Textures/T_ky_aura011_4x4.uasset" 124
"../../../../../../Users/Games/Documents/Unreal Projects/Smithy/Content/Particles/FXVarietyPack/Materials/MI_ky_aura011_4x4.uasset" 125
"../../../../../../Users/Games/Documents/Unreal Projects/Smithy/Content/Particles/FXVarietyPack/Materials/MI_ky_aura011_4x4_nonD.uasset" 126
"../../../../../../Users/Games/Documents/Unreal Projects/Smithy/Content/Particles/FXVarietyPack/Textures/T_ky_noise13_sml_nor.uasset" 127
"../../../../../../Users/Games/Documents/Unreal Projects/Smithy/Content/Particles/FXVarietyPack/Textures/T_ky_smoke03.uasset" 128
"../../../../../../Users/Games/Documents/Unreal Projects/Smithy/Content/Particles/FXVarietyPack/Materials/M_ky_auraWall02.uasset" 129
"../../../../../../Users/Games/Documents/Unreal Projects/Smithy/Content/Particles/FXVarietyPack/Materials/MI_ky_auraWall02_two.uasset" 130
"../../../../../../Users/Games/Documents/Unreal Projects/Smithy/Content/Particles/FXVarietyPack/Textures/T_ky_auraWallWhite_4x4.uasset" 131
"../../../../../../Users/Games/Documents/Unreal Projects/Smithy/Content/Particles/FXVarietyPack/Textures/T_ky_maskCircle.uasset" 132
"../../../../../../Users/Games/Documents/Unreal Projects/Smithy/Content/Particles/FXVarietyPack/Materials/M_ky_base_anime.uasset" 133
"../../../../../../Users/Games/Documents/Unreal Projects/Smithy/Content/Particles/FXVarietyPack/Textures/T_ky_circle9_4x4.uasset" 134
"../../../../../../Users/Games/Documents/Unreal Projects/Smithy/Content/Particles/FXVarietyPack/Materials/MI_ky_circle9_4x4c2.uasset" 135
"../../../../../../Users/Games/Documents/Unreal Projects/Smithy/Content/Particles/FXVarietyPack/Materials/MI_ky_primitive_dynB_nonD.uasset" 136
"../../../../../../Users/Games/Documents/Unreal Projects/Smithy/Content/Particles/FXVarietyPack/Materials/MI_ky_starDust_dis.uasset" 137
"../../../../../../Users/Games/Documents/Unreal Projects/Smithy/Content/Particles/FXVarietyPack/Meshes/SM_ky_auraWall_distB_kai.uasset" 138
"../../../../../../Users/Games/Documents/Unreal Projects/Smithy/Content/Particles/FXVarietyPack/Meshes/SM_ky_cylinder_lowPoly_dist.uasset" 139
"../../../../../../Users/Games/Documents/Unreal Projects/Smithy/Content/Particles/FXVarietyPack/Meshes/SM_ky_cylinder_superLow.uasset" 140
"../../../../../../Users/Games/Documents/Unreal Projects/Smithy/Content/Particles/FXVarietyPack/Particles/P_ky_healAura.uasset" 141
"../../../../../../Users/Games/Documents/Unreal Projects/Smithy/Content/Particles/FXVarietyPack/Textures/T_ky_circle01_4x4.uasset" 142
"../../../../../../Users/Games/Documents/Unreal Projects/Smithy/Content/Particles/FXVarietyPack/Materials/M_ky_circle01_4x4G_nonD.uasset" 143
"../../../../../../Users/Games/Documents/Unreal Projects/Smithy/Content/Particles/FXVarietyPack/Textures/T_ky_flare_a.uasset" 144
"../../../../../../Users/Games/Documents/Unreal Projects/Smithy/Content/Particles/FXVarietyPack/Materials/M_ky_flare_flash.uasset" 145
"../../../../../../Users/Games/Documents/Unreal Projects/Smithy/Content/Particles/FXVarietyPack/Textures/T_ky_noise.uasset" 146
"../../../../../../Users/Games/Documents/Unreal Projects/Smithy/Content/Particles/FXVarietyPack/Materials/M_ky_Fresnel.uasset" 147
"../../../../../../Users/Games/Documents/Unreal Projects/Smithy/Content/Particles/FXVarietyPack/Textures/T_ky_magicCircle020.uasset" 148
"../../../../../../Users/Games/Documents/Unreal Projects/Smithy/Content/Particles/FXVarietyPack/Materials/M_ky_magicCircle020.uasset" 149
"../../../../../../Users/Games/Documents/Unreal Projects/Smithy/Content/Particles/FXVarietyPack/Textures/T_ky_chantDecoC.uasset" 150
"../../../../../../Users/Games/Documents/Unreal Projects/Smithy/Content/Particles/FXVarietyPack/Materials/M_ky_chantDecoA.uasset" 151
"../../../../../../Users/Games/Documents/Unreal Projects/Smithy/Content/Particles/FXVarietyPack/Materials/MI_ky_chantDecoAc.uasset" 152
"../../../../../../Users/Games/Documents/Unreal Projects/Smithy/Content/Particles/FXVarietyPack/Materials/M_ky_base.uasset" 153
"../../../../../../Users/Games/Documents/Unreal Projects/Smithy/Content/Particles/FXVarietyPack/Textures/T_ky_circleDust.uasset" 154
"../../../../../../Users/Games/Documents/Unreal Projects/Smithy/Content/Particles/FXVarietyPack/Materials/MI_ky_circleDust.uasset" 155
"../../../../../../Users/Games/Documents/Unreal Projects/Smithy/Content/Particles/FXVarietyPack/Meshes/SM_ky_cylinderBend07.uasset" 156
"../../../../../../Users/Games/Documents/Unreal Projects/Smithy/Content/Particles/FXVarietyPack/Particles/P_ky_magicCircle1.uasset" 157
"../../../../../../Users/Games/Documents/Unreal Projects/Smithy/Content/Static_Mesh/InfinityBladeFireLands/Environments/Fire/Env_Fire_Rocky/Textures/T_Fire_PillarArch_D.uasset" 158
"../../../../../../Users/Games/Documents/Unreal Projects/Smithy/Content/Static_Mesh/InfinityBladeFireLands/Environments/Fire/Env_Fire_Rocky/Textures/T_Fire_PillarArch_E.uasset" 159
"../../../../../../Users/Games/Documents/Unreal Projects/Smithy/Content/Static_Mesh/InfinityBladeFireLands/Environments/Forge/Env_Forge/Textures/T_Forge_MapTable_D.uasset" 160
"../../../../../../Users/Games/Documents/Unreal Projects/Smithy/Content/Static_Mesh/InfinityBladeFireLands/Environments/Forge/Env_Forge/Textures/T_Forge_MapTable_M.uasset" 161
"../../../../../../Users/Games/Documents/Unreal Projects/Smithy/Content/Static_Mesh/InfinityBladeFireLands/Environments/Forge/Env_Forge/Textures/T_Forge_MapTable_N.uasset" 162
"../../../../../../Users/Games/Documents/Unreal Projects/Smithy/Content/Static_Mesh/InfinityBladeFireLands/Environments/Forge/Env_Forge/Materials/M_Forge_Map_Table.uasset" 163
"../../../../../../Users/Games/Documents/Unreal Projects/Smithy/Content/Static_Mesh/InfinityBladeFireLands/Environments/Forge/Env_Forge/Textures/T_ALL_ForgeFloor_M.uasset" 164
"../../../../../../Users/Games/Documents/Unreal Projects/Smithy/Content/Static_Mesh/InfinityBladeFireLands/Environments/Forge/Env_Forge/Textures/T_Forge_Wood_D_NRM.uasset" 165
"../../../Engine/Content/ArtTools/RenderToTexture/Meshes/S_1_Unit_Plane.uasset" 166
"../../../Engine/Content/EngineMaterials/DefaultMaterial.uasset" 167
"../../../Engine/Content/BasicShapes/Cone.uasset" 168
"../../../Engine/Content/BasicShapes/Cube.uasset" 169
"../../../Engine/Content/BasicShapes/Cylinder.uasset" 170
"../../../Engine/Content/BasicShapes/Plane.uasset" 171
"../../../Engine/Content/BasicShapes/Sphere.uasset" 172
"../../../Engine/Content/EditorLandscapeResources/DataLayer.uasset" 173
"../../../Engine/Content/EditorMaterials/GizmoMaterial.uasset" 174
"../../../Engine/Content/EditorMaterials/MAT_Groups_Toggle.uasset" 175
"../../../Engine/Content/EditorMaterials/MAT_Groups_Visibility.uasset" 176
"../../../Engine/Content/EditorMaterials/PreviewShadowIndicator.uasset" 177
"../../../Engine/Content/EditorMaterials/PreviewShadowIndicatorMaterial.uasset" 178
"../../../Engine/Content/EditorMaterials/MatineeGroups/MAT_ColorTrack.uasset" 179
"../../../Engine/Content/EditorMaterials/MatineeGroups/MAT_Groups_Anim.uasset" 180
"../../../Engine/Content/EditorMaterials/MatineeGroups/MAT_Groups_AudioMaster.uasset" 181
"../../../Engine/Content/EditorMaterials/MatineeGroups/MAT_Groups_Director.uasset" 182
"../../../Engine/Content/EditorMaterials/MatineeGroups/MAT_Groups_Event.uasset" 183
"../../../Engine/Content/EditorMaterials/MatineeGroups/MAT_Groups_Fade.uasset" 184
"../../../Engine/Content/EditorMaterials/MatineeGroups/MAT_Groups_Float.uasset" 185
"../../../Engine/Content/EditorMaterials/MatineeGroups/MAT_Groups_Move.uasset" 186
"../../../Engine/Content/EditorMaterials/MatineeGroups/MAT_Groups_Slomo.uasset" 187
"../../../Engine/Content/EditorMaterials/MatineeGroups/MAT_Groups_Sound.uasset" 188
"../../../Engine/Content/EditorMaterials/MatineeGroups/MAT_Groups_Vector.uasset" 189
"../../../Engine/Content/EditorMaterials/ParticleSystems/PSysThumbnail_NoImage.uasset" 190
"../../../Engine/Content/EditorMaterials/ParticleSystems/PSysThumbnail_OOD.uasset" 191
"../../../Engine/Content/EditorMaterials/Camera/CineMat.uasset" 192
"../../../Engine/Content/EditorMaterials/Camera/MI_CineMat_Rig.uasset" 193
"../../../Engine/Content/EditorMeshes/Camera/SM_CraneRig_Arm.uasset" 194
"../../../Engine/Content/EditorMeshes/Camera/SM_CraneRig_Base.uasset" 195
"../../../Engine/Content/EditorMeshes/Camera/SM_CraneRig_Body.uasset" 196
"../../../Engine/Content/EditorMeshes/Camera/SM_CraneRig_Mount.uasset" 197
"../../../Engine/Content/EditorMeshes/Camera/SM_RailRig_Mount.uasset" 198
"../../../Engine/Content/EditorMeshes/Camera/SM_RailRig_Track.uasset" 199
"../../../Engine/Content/EditorResources/BSPVertex.uasset" 200
"../../../Engine/Content/EditorResources/EmptyActor.uasset" 201
"../../../Engine/Content/EditorResources/S_Actor.uasset" 202
"../../../Engine/Content/EditorResources/S_Trigger.uasset" 203
"../../../Engine/Content/EditorResources/AudioIcons/S_AudioComponent_AutoActivate.uasset" 204
"../../../Engine/Content/EditorResources/LightIcons/S_LightError.uasset" 205
"../../../Engine/Content/EditorResources/SequenceRecorder/Countdown.uasset" 206
"../../../Engine/Content/EditorResources/SequenceRecorder/RecordingIndicator.uasset" 207
"../../../Engine/Content/EditorSounds/Notifications/CompileFailed.uasset" 208
"../../../Engine/Content/EditorSounds/Notifications/CompileFailed_Cue.uasset" 209
"../../../Engine/Content/EditorSounds/Notifications/CompileSuccess.uasset" 210
"../../../Engine/Content/EditorSounds/Notifications/CompileStart_Cue.uasset" 211
"../../../Engine/Content/EditorSounds/Notifications/CompileSuccess_Cue.uasset" 212
"../../../Engine/Content/EngineDamageTypes/DmgTypeBP_Environmental.uasset" 213
"../../../Engine/Content/EngineDebugMaterials/HeatmapGradient.uasset" 214
"../../../Engine/Content/EngineDebugMaterials/BoneWeightMaterial.uasset" 215
"../../../Engine/Content/EngineDebugMaterials/ClothMaterial.uasset" 216
"../../../Engine/Content/EngineDebugMaterials/ClothMaterial_WF.uasset" 217
"../../../Engine/Content/EngineDebugMaterials/DebugEditorMaterial.uasset" 218
"../../../Engine/Content/EngineDebugMaterials/DebugMeshMaterial.uasset" 219
"../../../Engine/Content/EngineDebugMaterials/GeomMaterial.uasset" 220
"../../../Engine/Content/EngineDebugMaterials/M_SimpleTranslucent.uasset" 221
"../../../Engine/Content/EngineFonts/Faces/RobotoBold.uasset" 222
"../../../Engine/Content/EngineFonts/Faces/RobotoBoldItalic.uasset" 223
"../../../Engine/Content/EngineFonts/Faces/RobotoItalic.uasset" 224
"../../../Engine/Content/EngineFonts/Faces/RobotoLight.uasset" 225
"../../../Engine/Content/EngineFonts/Faces/RobotoRegular.uasset" 226
"../../../Engine/Content/EngineFonts/Roboto.uasset" 227
"../../../Engine/Content/EngineFonts/Faces/RobotoTiny.uasset" 228
"../../../Engine/Content/EngineFonts/RobotoTiny.uasset" 229
"../../../Engine/Content/EngineMaterials/BaseFlattenDiffuseMap.uasset" 230
"../../../Engine/Content/EngineMaterials/BaseFlattenEmissiveMap.uasset" 231
"../../../Engine/Content/EngineMaterials/BaseFlattenGrayscaleMap.uasset" 232
"../../../Engine/Content/EngineMaterials/BaseFlattenNormalMap.uasset" 233
"../../../Engine/Content/EngineMaterials/BaseFlattenMaterial.uasset" 234
"../../../Engine/Content/EngineMaterials/DefaultBloomKernel.uasset" 235
"../../../Engine/Content/EngineMaterials/DefaultBokeh.uasset" 236
"../../../Engine/Content/EngineMaterials/DefaultDiffuse.uasset" 237
"../../../Engine/Content/EngineMaterials/DefaultDeferredDecalMaterial.uasset" 238
"../../../Engine/Content/EngineMaterials/DefaultLightFunctionMaterial.uasset" 239
"../../../Engine/Content/EngineMaterials/DefaultPhysicalMaterial.uasset" 240
"../../../Engine/Content/Functions/Engine_MaterialFunctions02/Utility/BreakOutFloat2Components.uasset" 241
"../../../Engine/Content/EngineMaterials/DefaultPostProcessMaterial.uasset" 242
"../../../Engine/Content/EngineFonts/RobotoDistanceField.uasset" 243
"../../../Engine/Content/EngineMaterials/DefaultTextMaterialOpaque.uasset" 244
"../../../Engine/Content/EngineMaterials/DefaultWhiteGrid.uasset" 245
"../../../Engine/Content/EngineMaterials/EditorBrushMaterial.uasset" 246
"../../../Engine/Content/EngineMaterials/MiniFont.uasset" 247
"../../../Engine/Content/EngineMaterials/InvalidLightmapSettings.uasset" 248
"../../../Engine/Content/EngineMaterials/M_InvalidLightmapSettings.uasset" 249
"../../../Engine/Content/Functions/Engine_MaterialFunctions02/WorldPositionOffset/CameraOffset.uasset" 250
"../../../Engine/Content/EngineMaterials/PhAT_JointLimitMaterial.uasset" 251
"../../../Engine/Content/EngineMaterials/PreintegratedSkinBRDF.uasset" 252
"../../../Engine/Content/EngineMaterials/RemoveSurfaceMaterial.uasset" 253
"../../../Engine/Content/EngineMaterials/WeightMapPlaceholderTexture.uasset" 254
"../../../Engine/Content/EngineResources/WhiteSquareTexture.uasset" 255
"../../../Engine/Content/EngineMaterials/Widget3DPassThrough.uasset" 256
"../../../Engine/Content/EngineMaterials/Widget3DPassThrough_Masked.uasset" 257
"../../../Engine/Content/EngineMaterials/Widget3DPassThrough_Opaque.uasset" 258
"../../../Engine/Content/EngineMaterials/Widget3DPassThrough_Masked_OneSided.uasset" 259
"../../../Engine/Content/EngineMaterials/Widget3DPassThrough_Opaque_OneSided.uasset" 260
"../../../Engine/Content/EngineMaterials/Widget3DPassThrough_Translucent.uasset" 261
"../../../Engine/Content/EngineMaterials/Widget3DPassThrough_Translucent_OneSided.uasset" 262
"../../../Engine/Content/EngineMeshes/Cylinder.uasset" 263
"../../../Engine/Content/EngineMeshes/Sphere.uasset" 264
"../../../Engine/Content/EngineResources/Black.uasset" 265
"../../../Engine/Content/EngineResources/DefaultTextureCube.uasset" 266
"../../../Engine/Content/EngineResources/DefaultVolumeTexture2D.uasset" 267
"../../../Engine/Content/EngineResources/DefaultVolumeTexture.uasset" 268
"../../../Engine/Content/EngineResources/GradientTexture0.uasset" 269
"../../../Engine/Content/EngineSounds/Master.uasset" 270
"../../../Engine/Content/Functions/Engine_MaterialFunctions01/Shading/ConvertFromDiffSpec.uasset" 271
"../../../Engine/Content/Functions/Engine_MaterialFunctions01/Shading/PowerToRoughness.uasset" 272
"../../../Engine/Content/Maps/Templates/Thumbnails/Default.uasset" 273
"../../../Engine/Content/Maps/Templates/Thumbnails/VR-Basic.uasset" 274
"../../../Engine/Content/MobileResources/T_MobileControls_texture.uasset" 275
"../../../Engine/Content/MobileResources/T_MobileMenu2.uasset" 276
"../../../Engine/Content/MobileResources/HUD/AnalogHat.uasset" 277
"../../../Engine/Content/MobileResources/HUD/VirtualJoystick_Background.uasset" 278
"../../../Engine/Content/MobileResources/HUD/VirtualJoystick_Thumb.uasset" 279
"../../../Engine/Content/MobileResources/HUD/DefaultVirtualJoysticks.uasset" 280
"../../../Engine/Content/MobileResources/HUD/LeftVirtualJoystickOnly.uasset" 281
"../../../Engine/Content/MobileResources/HUD/MobileHUDButton1_off.uasset" 282
"../../../Engine/Content/MobileResources/HUD/MobileHUDButton1_on.uasset" 283
"../../../Engine/Content/MobileResources/HUD/MobileHUDButton2_off.uasset" 284
"../../../Engine/Content/MobileResources/HUD/MobileHUDButton2_on.uasset" 285
"../../../Engine/Content/MobileResources/HUD/MobileHUDButton3.uasset" 286
"../../../Engine/Content/MobileResources/HUD/MobileHUDButtonFire.uasset" 287
"../../../Engine/Content/MobileResources/HUD/MobileHUDDirectionPad.uasset" 288
"../../../Engine/Content/MobileResources/HUD/MobileHUDDirectionPad2.uasset" 289
"../../../Engine/Content/MobileResources/HUD/MobileHUDDirectionPad3.uasset" 290
"../../../Engine/Content/MobileResources/HUD/MobileHUDDirectionStick.uasset" 291
"../../../Engine/Content/MobileResources/HUD/T_Castle_ThumbstickInner.uasset" 292
"../../../Engine/Content/MobileResources/HUD/T_Castle_ThumbstickOutter.uasset" 293
"../../../Engine/Content/Tutorial/ContentIntroCurve.uasset" 294
"../../../Engine/Content/Tutorial/Basics/TutorialAssets/icon_tab_Levels_40x.uasset" 295
"../../../Engine/Content/Tutorial/Foliage/TutorialAssets/Foliage.uasset" 296
"../../../Engine/Content/VREditor/LaserPointer/VR_LaserPower_01.uasset" 297
"../../../Engine/Content/VREditor/TransformGizmo/TransformGizmoMaterial.uasset" 298
"../../../Engine/Content/VREditor/TransformGizmo/TranslucentTransformGizmoMaterial.uasset" 299
"../../../Engine/Content/VREditor/TransformGizmo/BoundingBoxCorner.uasset" 300
"../../../Engine/Content/VREditor/TransformGizmo/BoundingBoxEdge.uasset" 301
"../../../Engine/Content/VREditor/TransformGizmo/PlaneTranslationHandle.uasset" 302
"../../../Engine/Content/VREditor/TransformGizmo/Main.uasset" 303
"../../../Engine/Content/VREditor/TransformGizmo/Xray.uasset" 304
"../../../Engine/Content/VREditor/TransformGizmo/SM_Sequencer_Key.uasset" 305
"../../../Engine/Content/VREditor/TransformGizmo/SM_Sequencer_Node.uasset" 306
"../../Plugins/2D/Paper2D/Content/PlaceholderTextures/DummySpriteTexture.uasset" 307
"../../Plugins/2D/Paper2D/Content/DummySprite.uasset" 308
"../../Plugins/2D/Paper2D/Content/DefaultPaperTerrainMaterial.uasset" 309
"../../Plugins/2D/Paper2D/Content/DefaultSpriteMaterial.uasset" 310
"../../Plugins/2D/Paper2D/Content/MaskedUnlitSpriteMaterial.uasset" 311
"../../Plugins/2D/Paper2D/Content/OpaqueUnlitSpriteMaterial.uasset" 312
"../../Plugins/Runtime/Oculus/OculusVR/Content/Materials/PokeAHoleMaterial.uasset" 313
"../../Plugins/Runtime/Oculus/OculusVR/Content/Textures/GearVRController_AO.uasset" 314
"../../Plugins/Runtime/Oculus/OculusVR/Content/Textures/GearVRController_Color.uasset" 315
"../../Plugins/Runtime/Oculus/OculusVR/Content/Textures/GearVRController_Normal.uasset" 316
"../../Plugins/Runtime/Oculus/OculusVR/Content/Materials/GearVRControllerMaterial.uasset" 317
"../../Plugins/Runtime/Oculus/OculusVR/Content/Meshes/GearVrController.uasset" 318
"../../Plugins/Runtime/Oculus/OculusVR/Content/Textures/touchController_albedo.uasset" 319
"../../Plugins/Runtime/Oculus/OculusVR/Content/Textures/touchController_controlmap.uasset" 320
"../../Plugins/Runtime/Oculus/OculusVR/Content/Materials/touchController_mat.uasset" 321
"../../Plugins/Runtime/Oculus/OculusVR/Content/Meshes/LeftTouchController.uasset" 322
"../../Plugins/Runtime/Oculus/OculusVR/Content/Meshes/RiftHMD.uasset" 323
"../../Plugins/Runtime/Oculus/OculusVR/Content/Meshes/RightTouchController.uasset" 324
"../../../Engine/Content/EditorBlueprintResources/StandardMacros.uasset" 325
"../../../../../../Users/Games/Documents/Unreal Projects/Smithy/Content/Blueprint/Orders_System/OrdersStructure.uasset" 326
"../../../../../../Users/Games/Documents/Unreal Projects/Smithy/Content/Blueprint/Orders_System/OrdersTable.uasset" 327
"../../../../../../Users/Games/Documents/Unreal Projects/Smithy/Content/Blueprint/Mines_System/IngotsInventStructure.uasset" 328
"../../../../../../Users/Games/Documents/Unreal Projects/Smithy/Content/Blueprint/Mines_System/InventoryStructure.uasset" 329
"../../../../../../Users/Games/Documents/Unreal Projects/Smithy/Content/Blueprint/Orders_System/CurrentOrdersStructure.uasset" 330
"../../../../../../Users/Games/Documents/Unreal Projects/Smithy/Content/Blueprint/SmithyGame.uasset" 331
"../../../../../../Users/Games/Documents/Unreal Projects/Smithy/Content/Interface/Fonts/Imperator.uasset" 332
"../../../../../../Users/Games/Documents/Unreal Projects/Smithy/Content/Interface/Fonts/OptimusPrinceps.uasset" 333
"../../../../../../Users/Games/Documents/Unreal Projects/Smithy/Content/Interface/Fonts/_Fonts.uasset" 334
"../../../../../../Users/Games/Documents/Unreal Projects/Smithy/Content/Audio/Interface/Close.uasset" 335
"../../../../../../Users/Games/Documents/Unreal Projects/Smithy/Content/Interface/AnvilCrafting.uasset" 336
"../../../../../../Users/Games/Documents/Unreal Projects/Smithy/Content/Interface/Error_Text/No_Ingots.uasset" 337
"../../../../../../Users/Games/Documents/Unreal Projects/Smithy/Content/Blueprint/Mines_System/MineDataStructure.uasset" 338
"../../../../../../Users/Games/Documents/Unreal Projects/Smithy/Content/Blueprint/Mines_System/OreDataTable.uasset" 339
"../../../../../../Users/Games/Documents/Unreal Projects/Smithy/Content/Audio/Interface/Click_Alt.uasset" 340
"../../../../../../Users/Games/Documents/Unreal Projects/Smithy/Content/Audio/Interface/Pickaxe.uasset" 341
"../../../../../../Users/Games/Documents/Unreal Projects/Smithy/Content/Interface/Mines_Menu.uasset" 342
"../../../../../../Users/Games/Documents/Unreal Projects/Smithy/Content/Audio/Interface/Click.uasset" 343
"../../../../../../Users/Games/Documents/Unreal Projects/Smithy/Content/Interface/Mainemenu_Doodads/Options_Menu.uasset" 344
"../../../../../../Users/Games/Documents/Unreal Projects/Smithy/Content/Interface/Navigation_Buttons.uasset" 345
"../../../../../../Users/Games/Documents/Unreal Projects/Smithy/Content/Blueprint/DummyCharacter.uasset" 346
"../../../../../../Users/Games/Documents/Unreal Projects/Smithy/Content/Static_Mesh/ModularWeapons/Textures/Swords/Blades/Blades_01_normal.uasset" 347
"../../../../../../Users/Games/Documents/Unreal Projects/Smithy/Content/Static_Mesh/ModularWeapons/Textures/Swords/Blades/Blades_01_PSED.uasset" 348
"../../../../../../Users/Games/Documents/Unreal Projects/Smithy/Content/Static_Mesh/ModularWeapons/Textures/Swords/Blades/Blades_01_RAOD.uasset" 349
"../../../../../../Users/Games/Documents/Unreal Projects/Smithy/Content/Static_Mesh/ModularWeapons/Materials/M_ModularWeapons_Master.uasset" 350
"../../../../../../Users/Games/Documents/Unreal Projects/Smithy/Content/Static_Mesh/ModularWeapons/Materials/MI_Sword_Blade_01.uasset" 351
"../../../../../../Users/Games/Documents/Unreal Projects/Smithy/Content/Static_Mesh/ModularWeapons/Materials/MI_Sword_Hilt_06.uasset" 352
"../../../../../../Users/Games/Documents/Unreal Projects/Smithy/Content/Static_Mesh/ModularWeapons/Meshes/Swords/Blades/sword_blade_03.uasset" 353
"../../../../../../Users/Games/Documents/Unreal Projects/Smithy/Content/Static_Mesh/ModularWeapons/Textures/Swords/Crossguards/Crossguards_01_normal.uasset" 354
"../../../../../../Users/Games/Documents/Unreal Projects/Smithy/Content/Static_Mesh/ModularWeapons/Textures/Swords/Crossguards/Crossguards_01_PSED.uasset" 355
"../../../../../../Users/Games/Documents/Unreal Projects/Smithy/Content/Static_Mesh/ModularWeapons/Textures/Swords/Crossguards/Crossguards_01_RAOD.uasset" 356
"../../../../../../Users/Games/Documents/Unreal Projects/Smithy/Content/Static_Mesh/ModularWeapons/Materials/MI_Sword_Crossguard_01.uasset" 357
"../../../../../../Users/Games/Documents/Unreal Projects/Smithy/Content/Static_Mesh/ModularWeapons/Meshes/Swords/Crossguards/Sword_crossguard_01.uasset" 358
"../../../../../../Users/Games/Documents/Unreal Projects/Smithy/Content/Static_Mesh/ModularWeapons/Textures/Swords/Hilts/Hilts_01_normal.uasset" 359
"../../../../../../Users/Games/Documents/Unreal Projects/Smithy/Content/Static_Mesh/ModularWeapons/Textures/Swords/Hilts/Hilts_01_PSED.uasset" 360
"../../../../../../Users/Games/Documents/Unreal Projects/Smithy/Content/Static_Mesh/ModularWeapons/Textures/Swords/Hilts/Hilts_01_RAOD.uasset" 361
"../../../../../../Users/Games/Documents/Unreal Projects/Smithy/Content/Static_Mesh/ModularWeapons/Materials/MI_Sword_Hilt_01.uasset" 362
"../../../../../../Users/Games/Documents/Unreal Projects/Smithy/Content/Static_Mesh/ModularWeapons/Meshes/Swords/Hilts/Sword_hilt_01.uasset" 363
"../../../../../../Users/Games/Documents/Unreal Projects/Smithy/Content/Static_Mesh/ModularWeapons/Textures/Swords/Pommels/Pommel_01_normal.uasset" 364
"../../../../../../Users/Games/Documents/Unreal Projects/Smithy/Content/Static_Mesh/ModularWeapons/Textures/Swords/Pommels/Pommel_01_PSED.uasset" 365
"../../../../../../Users/Games/Documents/Unreal Projects/Smithy/Content/Static_Mesh/ModularWeapons/Textures/Swords/Pommels/Pommel_01_RAOD.uasset" 366
"../../../../../../Users/Games/Documents/Unreal Projects/Smithy/Content/Static_Mesh/ModularWeapons/Materials/MI_Sword_Pommel_01.uasset" 367
"../../../../../../Users/Games/Documents/Unreal Projects/Smithy/Content/Static_Mesh/ModularWeapons/Meshes/Swords/Pommels/Sword_pommel_01.uasset" 368
"../../../../../../Users/Games/Documents/Unreal Projects/Smithy/Content/Blueprint/Anvil_Systems/AnvilClaymore.uasset" 369
"../../../../../../Users/Games/Documents/Unreal Projects/Smithy/Content/Static_Mesh/Weapon_Pack/Textures/Weapons/T_Weapon_Set2_BaseColor.uasset" 370
"../../../../../../Users/Games/Documents/Unreal Projects/Smithy/Content/Static_Mesh/Weapon_Pack/Textures/Weapons/T_Weapon_Set2_Normal.uasset" 371
"../../../../../../Users/Games/Documents/Unreal Projects/Smithy/Content/Static_Mesh/Weapon_Pack/Textures/Weapons/T_Weapon_Set2_OcclusionRoughnessMetallic.uasset" 372
"../../../../../../Users/Games/Documents/Unreal Projects/Smithy/Content/Static_Mesh/Weapon_Pack/Materials/Weapons/M_WeaponSet_2.uasset" 373
"../../../../../../Users/Games/Documents/Unreal Projects/Smithy/Content/Static_Mesh/Weapon_Pack/Mesh/Weapons/Weapons_Kit/SM_GreatAxe.uasset" 374
"../../../../../../Users/Games/Documents/Unreal Projects/Smithy/Content/Blueprint/Anvil_Systems/AnvilGreataxe.uasset" 375
"../../../../../../Users/Games/Documents/Unreal Projects/Smithy/Content/Static_Mesh/Weapon_Pack/Textures/Weapons/T_Weapon_Set1_BaseColor.uasset" 376
"../../../../../../Users/Games/Documents/Unreal Projects/Smithy/Content/Static_Mesh/Weapon_Pack/Textures/Weapons/T_Weapon_Set1_Normal.uasset" 377
"../../../../../../Users/Games/Documents/Unreal Projects/Smithy/Content/Static_Mesh/Weapon_Pack/Textures/Weapons/T_Weapon_Set1_OcclusionRoughnessMetallic.uasset" 378
"../../../../../../Users/Games/Documents/Unreal Projects/Smithy/Content/Static_Mesh/Weapon_Pack/Materials/Weapons/M_WeaponSet_1.uasset" 379
"../../../../../../Users/Games/Documents/Unreal Projects/Smithy/Content/Static_Mesh/Weapon_Pack/Mesh/Weapons/Weapons_Kit/SM_Sword.uasset" 380
"../../../../../../Users/Games/Documents/Unreal Projects/Smithy/Content/Blueprint/Anvil_Systems/AnvilLongsword.uasset" 381
"../../../../../../Users/Games/Documents/Unreal Projects/Smithy/Content/Static_Mesh/Weapon_Pack/Mesh/Weapons/Weapons_Kit/SM_Spear.uasset" 382
"../../../../../../Users/Games/Documents/Unreal Projects/Smithy/Content/Blueprint/Anvil_Systems/AnvilPolearm.uasset" 383
"../../../../../../Users/Games/Documents/Unreal Projects/Smithy/Content/Static_Mesh/Weapon_Pack/Mesh/Weapons/Weapons_Kit/SM_GreatHammer.uasset" 384
"../../../../../../Users/Games/Documents/Unreal Projects/Smithy/Content/Blueprint/Anvil_Systems/AnvilWarhammer.uasset" 385
"../../../../../../Users/Games/Documents/Unreal Projects/Smithy/Content/Static_Mesh/Weapon_Pack/Effects/Textures/Fire/T_FireSubUV_11X11_32.uasset" 386
"../../../../../../Users/Games/Documents/Unreal Projects/Smithy/Content/Static_Mesh/Weapon_Pack/Effects/Textures/Noise/T_TilingNoise16.uasset" 387
"../../../../../../Users/Games/Documents/Unreal Projects/Smithy/Content/Static_Mesh/Weapon_Pack/Effects/Materials/Fire/M_Fire_SubUV_11X11_Noise.uasset" 388
"../../../Engine/Content/Functions/Engine_MaterialFunctions01/Gradient/RadialGradient.uasset" 389
"../../../../../../Users/Games/Documents/Unreal Projects/Smithy/Content/Static_Mesh/Weapon_Pack/Effects/Textures/Noise/T_HeatTile3_N.uasset" 390
"../../../../../../Users/Games/Documents/Unreal Projects/Smithy/Content/Static_Mesh/Weapon_Pack/Effects/Textures/Noise/T_TilingNoise03.uasset" 391
"../../../../../../Users/Games/Documents/Unreal Projects/Smithy/Content/Static_Mesh/Weapon_Pack/Effects/Materials/Fire/M_HeatDistort.uasset" 392
"../../../../../../Users/Games/Documents/Unreal Projects/Smithy/Content/Static_Mesh/Weapon_Pack/Effects/Textures/Flares/T_FlareRound_Noise.uasset" 393
"../../../../../../Users/Games/Documents/Unreal Projects/Smithy/Content/Static_Mesh/Weapon_Pack/Effects/Materials/Flares/M_FlareRound.uasset" 394
"../../../../../../Users/Games/Documents/Unreal Projects/Smithy/Content/Static_Mesh/Weapon_Pack/Effects/Textures/Noise/T_TilingNoise12.uasset" 395
"../../../../../../Users/Games/Documents/Unreal Projects/Smithy/Content/Static_Mesh/Weapon_Pack/Effects/Textures/Snow/T_Snow01_Packed.uasset" 396
"../../../../../../Users/Games/Documents/Unreal Projects/Smithy/Content/Static_Mesh/Weapon_Pack/Effects/Materials/Sparks/M_Spark_VelocityLerp.uasset" 397
"../../../../../../Users/Games/Documents/Unreal Projects/Smithy/Content/Static_Mesh/Weapon_Pack/Effects/VectorFields/VF_RandomNoise_01_90.uasset" 398
"../../../../../../Users/Games/Documents/Unreal Projects/Smithy/Content/Static_Mesh/Weapon_Pack/Effects/Particles/Fire/P_TorchFire.uasset" 399
"../../../../../../Users/Games/Documents/Unreal Projects/Smithy/Content/Particles/SmelteryFuelFire.uasset" 400
"../../../Engine/Content/EngineSky/C_Sky_Cloud_Color.uasset" 401
"../../../Engine/Content/EngineSky/C_Sky_Horizon_Color.uasset" 402
"../../../Engine/Content/EngineSky/C_Sky_Zenith_Color.uasset" 403
"../../../Engine/Content/EngineSky/T_Sky_Blue.uasset" 404
"../../../Engine/Content/EngineSky/T_Sky_Clouds_M.uasset" 405
"../../../Engine/Content/EngineSky/T_Sky_Stars.uasset" 406
"../../../Engine/Content/EngineSky/M_Sky_Panning_Clouds2.uasset" 407
"../../../Engine/Content/EngineSky/SM_SkySphere.uasset" 408
"../../../Engine/Content/EngineSky/BP_Sky_Sphere.uasset" 409
"../../../../../../Users/Games/Documents/Unreal Projects/Smithy/Content/Audio/Music/audio/Elven_Harmonies.uasset" 410
"../../../../../../Users/Games/Documents/Unreal Projects/Smithy/Content/Audio/Music/audio/Land_of_Mystery.uasset" 411
"../../../../../../Users/Games/Documents/Unreal Projects/Smithy/Content/Audio/Music/audio/Magical_Fantasy.uasset" 412
"../../../../../../Users/Games/Documents/Unreal Projects/Smithy/Content/Audio/Music/MusicPlayer.uasset" 413
"../../../../../../Users/Games/Documents/Unreal Projects/Smithy/Content/Blueprint/MusicPlayer.uasset" 414
"../../../../../../Users/Games/Documents/Unreal Projects/Smithy/Content/Particles/FXVarietyPack/Particles/Enchant_Circle_Chaos.uasset" 415
"../../../../../../Users/Games/Documents/Unreal Projects/Smithy/Content/Particles/Enchant_Circle_Chaos.uasset" 416
"../../../../../../Users/Games/Documents/Unreal Projects/Smithy/Content/Particles/FXVarietyPack/Particles/Enchant_Circle_Law.uasset" 417
"../../../../../../Users/Games/Documents/Unreal Projects/Smithy/Content/Particles/Enchant_Circle_Law.uasset" 418
"../../../../../../Users/Games/Documents/Unreal Projects/Smithy/Content/Maps/Main_Map_BuiltData.uasset" 419
"../../../../../../Users/Games/Documents/Unreal Projects/Smithy/Content/Static_Mesh/InfinityBladeFireLands/Environments/Fire/Env_Fire_FlameDungeon/Textures/T_FlameDungeon_Wall02_D.uasset" 420
"../../../../../../Users/Games/Documents/Unreal Projects/Smithy/Content/Static_Mesh/InfinityBladeFireLands/Environments/Fire/Env_Fire_FlameDungeon/Textures/T_FlameDungeon_Wall02_N.uasset" 421
"../../../../../../Users/Games/Documents/Unreal Projects/Smithy/Content/Static_Mesh/InfinityBladeFireLands/Environments/Fire/Env_Fire_FlameDungeon/Materials/M_FlameDungeon_Wall02.uasset" 422
"../../../../../../Users/Games/Documents/Unreal Projects/Smithy/Content/Static_Mesh/InfinityBladeFireLands/Environments/Fire/Env_Fire_Rocky/Textures/T_Fire_Rune_Floor_D.uasset" 423
"../../../../../../Users/Games/Documents/Unreal Projects/Smithy/Content/Static_Mesh/InfinityBladeFireLands/Environments/Fire/Env_Fire_Rocky/Textures/T_Rune_Floor_N.uasset" 424
"../../../../../../Users/Games/Documents/Unreal Projects/Smithy/Content/Static_Mesh/InfinityBladeFireLands/Environments/Fire/Env_Fire_Rocky/Materials/M_Fire_Rune_Tiles.uasset" 425
"../../../../../../Users/Games/Documents/Unreal Projects/Smithy/Content/Static_Mesh/InfinityBladeFireLands/Environments/Forge/Env_Forge/Textures/T_ALL_ForgeFirePit_D.uasset" 426
"../../../../../../Users/Games/Documents/Unreal Projects/Smithy/Content/Static_Mesh/InfinityBladeFireLands/Environments/Forge/Env_Forge/Textures/T_ALL_ForgeFirePit_E.uasset" 427
"../../../../../../Users/Games/Documents/Unreal Projects/Smithy/Content/Static_Mesh/InfinityBladeFireLands/Environments/Forge/Env_Forge/Textures/T_ALL_ForgeFirePit_N.uasset" 428
"../../../../../../Users/Games/Documents/Unreal Projects/Smithy/Content/Static_Mesh/InfinityBladeFireLands/Environments/Forge/Env_Forge/Textures/T_ALL_ForgeFirePit_Mat.uasset" 429
"../../../../../../Users/Games/Documents/Unreal Projects/Smithy/Content/Audio/Ambient/Aura.uasset" 430
"../../../../../../Users/Games/Documents/Unreal Projects/Smithy/Content/Audio/Ambient/SmelteryLoop.uasset" 431
"../../../../../../Users/Games/Documents/Unreal Projects/Smithy/Content/Audio/Interface/Anvil_Crafting.uasset" 432
"../../../../../../Users/Games/Documents/Unreal Projects/Smithy/Content/Interface/Error_Text/No_Metal.uasset" 433
"../../../../../../Users/Games/Documents/Unreal Projects/Smithy/Content/Interface/Error_Text/Not_Enough_Ingots.uasset" 434
"../../../../../../Users/Games/Documents/Unreal Projects/Smithy/Content/Interface/Anvil_Interface.uasset" 435
"../../../../../../Users/Games/Documents/Unreal Projects/Smithy/Content/Audio/Interface/EnchantChange.uasset" 436
"../../../../../../Users/Games/Documents/Unreal Projects/Smithy/Content/Interface/Enchants_Interface.uasset" 437
"../../../../../../Users/Games/Documents/Unreal Projects/Smithy/Content/Audio/Interface/OrderComplete.uasset" 438
"../../../../../../Users/Games/Documents/Unreal Projects/Smithy/Content/Interface/Error_Text/Order_Incomplete.uasset" 439
"../../../../../../Users/Games/Documents/Unreal Projects/Smithy/Content/Interface/Orders_Interface.uasset" 440
"../../../../../../Users/Games/Documents/Unreal Projects/Smithy/Content/Audio/Interface/FuelIn.uasset" 441
"../../../../../../Users/Games/Documents/Unreal Projects/Smithy/Content/Interface/Error_Text/No_Fuel.uasset" 442
"../../../../../../Users/Games/Documents/Unreal Projects/Smithy/Content/Interface/Smeltery_Interface.uasset" 443
"../../../../../../Users/Games/Documents/Unreal Projects/Smithy/Content/Particles/FXVarietyPack/Materials/MI_ky_flare_flash_trs.uasset" 444
"../../../../../../Users/Games/Documents/Unreal Projects/Smithy/Content/Particles/FXVarietyPack/Particles/P_ky_fireBall.uasset" 445
"../../../../../../Users/Games/Documents/Unreal Projects/Smithy/Content/Static_Mesh/InfinityBladeFireLands/Environments/Fire/Env_Fire_Rocky/Textures/T_Fire_Pillar_D.uasset" 446
"../../../../../../Users/Games/Documents/Unreal Projects/Smithy/Content/Static_Mesh/InfinityBladeFireLands/Environments/Fire/Env_Fire_Rocky/Textures/T_Fire_Pillar_M.uasset" 447
"../../../../../../Users/Games/Documents/Unreal Projects/Smithy/Content/Static_Mesh/InfinityBladeFireLands/Environments/Fire/Env_Fire_Rocky/Materials/M_Env_Fire_Pillar_1.uasset" 448
"../../../../../../Users/Games/Documents/Unreal Projects/Smithy/Content/Static_Mesh/InfinityBladeFireLands/Environments/Fire/Env_Fire_Rocky/StaticMesh/SM_Fire_Fort_Pillar_1b.uasset" 449
"../../../../../../Users/Games/Documents/Unreal Projects/Smithy/Content/Static_Mesh/InfinityBladeFireLands/Environments/Forge/Env_Forge/Textures/T_Forge_Anvil_D.uasset" 450
"../../../../../../Users/Games/Documents/Unreal Projects/Smithy/Content/Static_Mesh/InfinityBladeFireLands/Environments/Forge/Env_Forge/Textures/T_Forge_Anvil_M.uasset" 451
"../../../../../../Users/Games/Documents/Unreal Projects/Smithy/Content/Static_Mesh/InfinityBladeFireLands/Environments/Forge/Env_Forge/Textures/T_Forge_Anvil_N.uasset" 452
"../../../../../../Users/Games/Documents/Unreal Projects/Smithy/Content/Static_Mesh/InfinityBladeFireLands/Environments/Forge/Env_Forge/Materials/M_Forge_Anvil.uasset" 453
"../../../../../../Users/Games/Documents/Unreal Projects/Smithy/Content/Static_Mesh/InfinityBladeFireLands/Environments/Forge/Env_Forge/StaticMesh/SM_Anvil_1.uasset" 454
"../../../../../../Users/Games/Documents/Unreal Projects/Smithy/Content/Static_Mesh/InfinityBladeFireLands/Environments/Forge/Env_Forge/Textures/T_ALL_ForgeFirePit_M.uasset" 455
"../../../../../../Users/Games/Documents/Unreal Projects/Smithy/Content/Static_Mesh/InfinityBladeFireLands/Environments/Forge/Env_Forge/Materials/M_Forge_FirePit.uasset" 456
"../../../../../../Users/Games/Documents/Unreal Projects/Smithy/Content/Static_Mesh/InfinityBladeFireLands/Environments/Forge/Env_Forge/StaticMesh/SM_Forge_FirePit.uasset" 457
"../../../../../../Users/Games/Documents/Unreal Projects/Smithy/Content/Static_Mesh/InfinityBladeFireLands/Environments/Forge/Env_Forge/Textures/T_ALL_ForgeFloor_D.uasset" 458
"../../../../../../Users/Games/Documents/Unreal Projects/Smithy/Content/Static_Mesh/InfinityBladeFireLands/Environments/Forge/Env_Forge/Textures/T_ALL_ForgeFloor_N.uasset" 459
"../../../../../../Users/Games/Documents/Unreal Projects/Smithy/Content/Static_Mesh/InfinityBladeFireLands/Environments/Forge/Env_Forge/Materials/M_ALL_ForgeFloor.uasset" 460
"../../../../../../Users/Games/Documents/Unreal Projects/Smithy/Content/Static_Mesh/InfinityBladeFireLands/Environments/Forge/Env_Forge/StaticMesh/SM_Forge_Floor.uasset" 461
"../../../../../../Users/Games/Documents/Unreal Projects/Smithy/Content/Static_Mesh/InfinityBladeFireLands/Environments/Forge/Env_Forge/StaticMesh/SM_Forge_Floor_Rock01.uasset" 462
"../../../../../../Users/Games/Documents/Unreal Projects/Smithy/Content/Static_Mesh/InfinityBladeFireLands/Environments/Forge/Env_Forge/Textures/T_Forge_MapTable_Candles_D.uasset" 463
"../../../../../../Users/Games/Documents/Unreal Projects/Smithy/Content/Static_Mesh/InfinityBladeFireLands/Environments/Forge/Env_Forge/Textures/T_Forge_MapTable_Candles_E.uasset" 464
"../../../../../../Users/Games/Documents/Unreal Projects/Smithy/Content/Static_Mesh/InfinityBladeFireLands/Environments/Forge/Env_Forge/Materials/M_Candle_glowing.uasset" 465
"../../../../../../Users/Games/Documents/Unreal Projects/Smithy/Content/Static_Mesh/InfinityBladeFireLands/Environments/Forge/Env_Forge/StaticMesh/SM_Forge_MapTable_Candles.uasset" 466
"../../../../../../Users/Games/Documents/Unreal Projects/Smithy/Content/Static_Mesh/InfinityBladeFireLands/Environments/Forge/Env_Forge/Textures/T_Forge_Parts_1_D.uasset" 467
"../../../../../../Users/Games/Documents/Unreal Projects/Smithy/Content/Static_Mesh/InfinityBladeFireLands/Environments/Forge/Env_Forge/Textures/T_Forge_Parts_1_M.uasset" 468
"../../../../../../Users/Games/Documents/Unreal Projects/Smithy/Content/Static_Mesh/InfinityBladeFireLands/Environments/Forge/Env_Forge/Textures/T_Forge_Parts_1_N.uasset" 469
"../../../../../../Users/Games/Documents/Unreal Projects/Smithy/Content/Static_Mesh/InfinityBladeFireLands/Environments/Forge/Env_Forge/Materials/M_Forge_Parts.uasset" 470
"../../../../../../Users/Games/Documents/Unreal Projects/Smithy/Content/Static_Mesh/InfinityBladeFireLands/Environments/Forge/Env_Forge/StaticMesh/SM_Forge_Sharpening_Stone.uasset" 471
"../../../../../../Users/Games/Documents/Unreal Projects/Smithy/Content/Static_Mesh/InfinityBladeFireLands/Environments/Forge/Env_Forge/Textures/T_Forge_Wood_D.uasset" 472
"../../../../../../Users/Games/Documents/Unreal Projects/Smithy/Content/Static_Mesh/InfinityBladeFireLands/Environments/Forge/Env_Forge/Materials/M_Forge_Wood.uasset" 473
"../../../../../../Users/Games/Documents/Unreal Projects/Smithy/Content/Static_Mesh/InfinityBladeFireLands/Environments/Forge/Env_Forge/StaticMesh/SM_Forge_Stool.uasset" 474
"../../../../../../Users/Games/Documents/Unreal Projects/Smithy/Content/Static_Mesh/InfinityBladeFireLands/Environments/Forge/Env_Forge/StaticMesh/SM_Forge_Sword4.uasset" 475
"../../../../../../Users/Games/Documents/Unreal Projects/Smithy/Content/Static_Mesh/InfinityBladeFireLands/Environments/Forge/Env_Forge/StaticMesh/SM_Forge_Table.uasset" 476
"../../../../../../Users/Games/Documents/Unreal Projects/Smithy/Content/Static_Mesh/InfinityBladeFireLands/Environments/Forge/Env_Forge/StaticMesh/SM_Forge_Table_1.uasset" 477
"../../../../../../Users/Games/Documents/Unreal Projects/Smithy/Content/Static_Mesh/InfinityBladeFireLands/Environments/Forge/Env_Forge/StaticMesh/SM_Forge_Table_2.uasset" 478
"../../../../../../Users/Games/Documents/Unreal Projects/Smithy/Content/Static_Mesh/InfinityBladeFireLands/Environments/Forge/Env_Forge/Textures/T_Forge_Tools_D.uasset" 479
"../../../../../../Users/Games/Documents/Unreal Projects/Smithy/Content/Static_Mesh/InfinityBladeFireLands/Environments/Forge/Env_Forge/Textures/T_Forge_Tools_M.uasset" 480
"../../../../../../Users/Games/Documents/Unreal Projects/Smithy/Content/Static_Mesh/InfinityBladeFireLands/Environments/Forge/Env_Forge/Textures/T_Forge_Tools_N.uasset" 481
"../../../../../../Users/Games/Documents/Unreal Projects/Smithy/Content/Static_Mesh/InfinityBladeFireLands/Environments/Forge/Env_Forge/Materials/M_Forge_Tool.uasset" 482
"../../../../../../Users/Games/Documents/Unreal Projects/Smithy/Content/Static_Mesh/InfinityBladeFireLands/Environments/Forge/Env_Forge/StaticMesh/SM_Forge_Table_Tools_1.uasset" 483
"../../../../../../Users/Games/Documents/Unreal Projects/Smithy/Content/Static_Mesh/InfinityBladeFireLands/Environments/Forge/Env_Forge/StaticMesh/SM_Forge_Table_Tools_2.uasset" 484
"../../../../../../Users/Games/Documents/Unreal Projects/Smithy/Content/Static_Mesh/InfinityBladeFireLands/Environments/Forge/Env_Forge/StaticMesh/SM_Forge_Tools_1.uasset" 485
"../../../../../../Users/Games/Documents/Unreal Projects/Smithy/Content/Static_Mesh/InfinityBladeFireLands/Environments/Forge/Env_Forge/StaticMesh/SM_Forge_Weapon_Rack_1.uasset" 486
"../../../../../../Users/Games/Documents/Unreal Projects/Smithy/Content/Static_Mesh/Weapon_Pack/Textures/Props/Interior/T_Props1_BaseColor.uasset" 487
"../../../../../../Users/Games/Documents/Unreal Projects/Smithy/Content/Static_Mesh/Weapon_Pack/Textures/Props/Interior/T_Props1_Normal.uasset" 488
"../../../../../../Users/Games/Documents/Unreal Projects/Smithy/Content/Static_Mesh/Weapon_Pack/Textures/Props/Interior/T_Props1_OcclusionRoughnessMetallic.uasset" 489
"../../../../../../Users/Games/Documents/Unreal Projects/Smithy/Content/Static_Mesh/Weapon_Pack/Materials/Props/Interior/M_Props1.uasset" 490
"../../../../../../Users/Games/Documents/Unreal Projects/Smithy/Content/Static_Mesh/Weapon_Pack/Mesh/Props/Interior/SM_Wall_Torch1.uasset" 491
"../../../../../../Users/Games/Documents/Unreal Projects/Smithy/Content/Static_Mesh/Weapon_Pack/Mesh/Weapons/Weapons_Kit/SM_Dagger_1.uasset" 492
"../../../../../../Users/Games/Documents/Unreal Projects/Smithy/Content/Static_Mesh/Weapon_Pack/Mesh/Weapons/Weapons_Kit/SM_Shield.uasset" 493
"../../../../../../Users/Games/Documents/Unreal Projects/Smithy/Content/Maps/Main_Map.umap" 494
"../../../../../../Users/Games/Documents/Unreal Projects/Smithy/Content/Maps/Main_Menu_BuiltData.uasset" 495
"../../../../../../Users/Games/Documents/Unreal Projects/Smithy/Content/Interface/Mainemenu_Doodads/Quit_sure.uasset" 496
"../../../../../../Users/Games/Documents/Unreal Projects/Smithy/Content/Interface/Main_Menu.uasset" 497
"../../../../../../Users/Games/Documents/Unreal Projects/Smithy/Content/Maps/Main_Menu.umap" 498
"../../../Engine/Content/Maps/Entry_BuiltData.uasset" 499
"../../../Engine/Content/Maps/Entry.umap" 500
